Hariyama 1 из команды красных вступает в бой!
Poliwag 2 из команды черных вступает в бой!
Poliwag 2 использует Waterfall. 
Hariyama 1 теряет 49 здоровья.

Hariyama 1 промахивается

Poliwag 2 промахивается


Poliwag 2 использует Waterfall. 
Критический удар!
Hariyama 1 теряет 75 здоровья.

Hariyama 1 использует Swagger. 
Poliwag 2 увеличивает атаку.

Poliwag 2 промахивается

Hariyama 1 промахивается

Poliwag 2 использует Waterfall. 
Hariyama 1 теряет 108 здоровья.

Hariyama 1 промахивается

Poliwag 2 промахивается

Hariyama 1 использует Stone Edge. 
Poliwag 2 теряет 433 здоровья.
Poliwag 2 теряет сознание.
Poliwhirl 2 из команды черных вступает в бой!
Poliwhirl 2 использует Body Slam. 
Hariyama 1 теряет 35 здоровья.
Hariyama 1 парализован

Hariyama 1 использует Swagger. 
Poliwhirl 2 увеличивает атаку.

Hariyama 1 использует Swagger. 
Poliwhirl 2 увеличивает атаку.

Poliwhirl 2 растерянно попадает по себе. 
Poliwhirl 2 теряет 56 здоровья.

Poliwhirl 2 растерянно попадает по себе. 
Poliwhirl 2 теряет 43 здоровья.


Hariyama 1 промахивается

Poliwhirl 2 использует Body Slam, пытаясь парализовать оппонента. 
Hariyama 1 теряет 130 здоровья.

Hariyama 1 промахивается

Poliwhirl 2 промахивается

Poliwhirl 2 использует Waterfall. 
Hariyama 1 теряет 108 здоровья.
Hariyama 1 теряет сознание.
Makuhita 1 из команды красных вступает в бой!
Poliwhirl 2 использует Waterfall. 
Makuhita 1 теряет 274 здоровья.
Makuhita 1 теряет сознание.
Politoed 1 из команды красных вступает в бой!
Poliwhirl 2 использует Body Slam, пытаясь парализовать оппонента. 
Критический удар!
Politoed 1 теряет 234 здоровья.
Politoed 1 парализован

Politoed 1 использует Waterfall. 
Критический удар!
Poliwhirl 2 теряет 74 здоровья.

Politoed 1 использует Waterfall. 
Критический удар!
Poliwhirl 2 теряет 77 здоровья.

Poliwhirl 2 растерянно попадает по себе. 
Poliwhirl 2 теряет 33 здоровья.
Poliwhirl 2 теряет сознание.
Zapdos 2 из команды черных вступает в бой!
Politoed 1 использует Waterfall. 
Критический удар!
Zapdos 2 теряет 70 здоровья.

Zapdos 2 использует Peck. 
Politoed 1 теряет 31 здоровья.

Politoed 1 использует Body Slam. 
Критический удар!
Zapdos 2 теряет 85 здоровья.

Zapdos 2 промахивается

Zapdos 2 промахивается


Politoed 1 использует Hyper Voice. 
Критический удар!
Zapdos 2 теряет 91 здоровья.

Zapdos 2 промахивается

Politoed 1 промахивается

Zapdos 2 использует Swagger. 
Politoed 1 увеличивает атаку.

Zapdos 2 использует Peck. 
Критический удар!
Politoed 1 теряет 63 здоровья.
Politoed 1 теряет сознание.
Poliwag 1 из команды красных вступает в бой!
Zapdos 2 использует Thunder. 
Poliwag 1 теряет 308 здоровья.
Poliwag 1 теряет сознание.
Poliwhirl 1 из команды красных вступает в бой!
Zapdos 2 использует Thunder. 
Poliwhirl 1 теряет 288 здоровья.
Poliwhirl 1 теряет сознание.
Zapdos 1 из команды красных вступает в бой!
Zapdos 2 использует Thunder. 
Критический удар!
Zapdos 2 теряет 137 здоровья.
Оба покемона теряют сознание.
Makuhita 2 из команды черных вступает в бой!
Zapdos 1 использует Peck. 
Makuhita 2 теряет 133 здоровья.

Makuhita 2 использует Swagger. 
Zapdos 1 увеличивает атаку.

Zapdos 1 использует Peck. 
Makuhita 2 теряет 249 здоровья.
Makuhita 2 теряет сознание.
Politoed 2 из команды черных вступает в бой!
Zapdos 1 использует Thunder. 
Politoed 2 теряет 159 здоровья.
Politoed 2 парализован

Politoed 2 использует Body Slam. 
Критический удар!
Zapdos 1 теряет 66 здоровья.

Politoed 2 использует Body Slam. 
Критический удар!
Zapdos 1 теряет 81 здоровья.

Zapdos 1 растерянно попадает по себе. 
Zapdos 1 теряет 54 здоровья.

Politoed 2 использует Hyper Voice. 
Критический удар!
Zapdos 1 теряет 93 здоровья.

Zapdos 1 использует Swagger. 
Politoed 2 увеличивает атаку.

Zapdos 1 растерянно попадает по себе. 
Zapdos 1 теряет 32 здоровья.
Zapdos 1 теряет сознание.
В команде красных не осталось покемонов.
Команда черных побеждает в этом бою!
